# JRE version: Java(TM) SE Runtime Environment (20.0.1+9) (build 20.0.1+9-29)
# Java VM: Java HotSpot(TM) 64-Bit Server VM (20.0.1+9-29, mixed mode, emulated-client, sharing, tiered, compressed oops, compressed class ptrs, g1 gc, windows-amd64)
GC Precious Log:
 CardTable entry size: 512
 Card Set container configuration: InlinePtr #cards 4 size 8 Array Of Cards #cards 16 size 48 Howl #buckets 8 coarsen threshold 3686 Howl Bitmap #cards 512 size 80 coarsen threshold 460 Card regions per heap region 1 cards per card region 4096
 CPUs: 8 total, 8 available
 Memory: 16275M
 Large Page Support: Disabled
 NUMA Support: Disabled
 Compressed Oops: Enabled (Zero based)
 Heap Region Size: 2M
 Heap Min Capacity: 8M
 Heap Initial Capacity: 256M
 Heap Max Capacity: 4070M
 Pre-touch: Disabled
 Parallel Workers: 8
 Concurrent Workers: 2
 Concurrent Refinement Workers: 8
 Periodic GC: Disabled
Heap:
 garbage-first heap   total 143360K, used 103898K [0x0000000701a00000, 0x0000000800000000)
  region size 2048K, 24 young (49152K), 1 survivors (2048K)
 Metaspace       used 107766K, committed 108864K, reserved 1179648K
  class space    used 14369K, committed 14848K, reserved 1048576K
GC Heap History (20 events):
Event: 502.255 GC heap before
{Heap before GC invocations=45 (full 1):
 garbage-first heap   total 124928K, used 79389K [0x0000000701a00000, 0x0000000800000000)
  region size 2048K, 16 young (32768K), 2 survivors (4096K)
 Metaspace       used 106872K, committed 107840K, reserved 1179648K
  class space    used 14303K, committed 14720K, reserved 1048576K
}
Event: 502.363 GC heap after
{Heap after GC invocations=46 (full 2):
 garbage-first heap   total 124928K, used 43379K [0x0000000701a00000, 0x0000000800000000)
  region size 2048K, 0 young (0K), 0 survivors (0K)
 Metaspace       used 106591K, committed 107840K, reserved 1179648K
  class space    used 14229K, committed 14720K, reserved 1048576K
}
Event: 508.180 GC heap before
{Heap before GC invocations=46 (full 2):
 garbage-first heap   total 124928K, used 108915K [0x0000000701a00000, 0x0000000800000000)
  region size 2048K, 32 young (65536K), 0 survivors (0K)
 Metaspace       used 106996K, committed 107904K, reserved 1179648K
  class space    used 14294K, committed 14720K, reserved 1048576K
}
Event: 508.189 GC heap after
{Heap after GC invocations=47 (full 2):
 garbage-first heap   total 124928K, used 49656K [0x0000000701a00000, 0x0000000800000000)
  region size 2048K, 4 young (8192K), 4 survivors (8192K)
 Metaspace       used 106996K, committed 107904K, reserved 1179648K
  class space    used 14294K, committed 14720K, reserved 1048576K
}
Event: 509.780 GC heap before
{Heap before GC invocations=48 (full 2):
 garbage-first heap   total 124928K, used 98808K [0x0000000701a00000, 0x0000000800000000)
  region size 2048K, 29 young (59392K), 4 survivors (8192K)
 Metaspace       used 107380K, committed 108352K, reserved 1179648K
  class space    used 14350K, committed 14784K, reserved 1048576K
}
Event: 509.794 GC heap after
{Heap after GC invocations=49 (full 2):
 garbage-first heap   total 124928K, used 55398K [0x0000000701a00000, 0x0000000800000000)
  region size 2048K, 3 young (6144K), 3 survivors (6144K)
 Metaspace       used 107380K, committed 108352K, reserved 1179648K
  class space    used 14350K, committed 14784K, reserved 1048576K
}
Event: 510.681 GC heap before
{Heap before GC invocations=49 (full 2):
 garbage-first heap   total 124928K, used 104550K [0x0000000701a00000, 0x0000000800000000)
  region size 2048K, 27 young (55296K), 3 survivors (6144K)
 Metaspace       used 107453K, committed 108480K, reserved 1179648K
  class space    used 14369K, committed 14848K, reserved 1048576K
}
Event: 510.693 GC heap after
{Heap after GC invocations=50 (full 2):
 garbage-first heap   total 124928K, used 58351K [0x0000000701a00000, 0x0000000800000000)
  region size 2048K, 2 young (4096K), 2 survivors (4096K)
 Metaspace       used 107453K, committed 108480K, reserved 1179648K
  class space    used 14369K, committed 14848K, reserved 1048576K
}
Event: 511.054 GC heap before
{Heap before GC invocations=50 (full 2):
 garbage-first heap   total 124928K, used 107503K [0x0000000701a00000, 0x0000000800000000)
  region size 2048K, 26 young (53248K), 2 survivors (4096K)
 Metaspace       used 107453K, committed 108480K, reserved 1179648K
  class space    used 14369K, committed 14848K, reserved 1048576K
}
Event: 511.060 GC heap after
{Heap after GC invocations=51 (full 2):
 garbage-first heap   total 124928K, used 58089K [0x0000000701a00000, 0x0000000800000000)
  region size 2048K, 2 young (4096K), 2 survivors (4096K)
 Metaspace       used 107453K, committed 108480K, reserved 1179648K
  class space    used 14369K, committed 14848K, reserved 1048576K
}
Event: 535.056 GC heap before
{Heap before GC invocations=52 (full 2):
 garbage-first heap   total 143360K, used 107241K [0x0000000701a00000, 0x0000000800000000)
  region size 2048K, 26 young (53248K), 2 survivors (4096K)
 Metaspace       used 107457K, committed 108480K, reserved 1179648K
  class space    used 14370K, committed 14848K, reserved 1048576K
}
Event: 535.080 GC heap after
{Heap after GC invocations=53 (full 2):
 garbage-first heap   total 143360K, used 58971K [0x0000000701a00000, 0x0000000800000000)
  region size 2048K, 3 young (6144K), 3 survivors (6144K)
 Metaspace       used 107457K, committed 108480K, reserved 1179648K
  class space    used 14370K, committed 14848K, reserved 1048576K
}
Event: 651.932 GC heap before
{Heap before GC invocations=53 (full 2):
 garbage-first heap   total 143360K, used 89691K [0x0000000701a00000, 0x0000000800000000)
  region size 2048K, 19 young (38912K), 3 survivors (6144K)
 Metaspace       used 107485K, committed 108480K, reserved 1179648K
  class space    used 14377K, committed 14848K, reserved 1048576K
}
Event: 652.075 GC heap after
{Heap after GC invocations=54 (full 3):
 garbage-first heap   total 143360K, used 47222K [0x0000000701a00000, 0x0000000800000000)
  region size 2048K, 0 young (0K), 0 survivors (0K)
 Metaspace       used 107366K, committed 108480K, reserved 1179648K
  class space    used 14348K, committed 14848K, reserved 1048576K
}
Event: 655.427 GC heap before
{Heap before GC invocations=54 (full 3):
 garbage-first heap   total 143360K, used 125046K [0x0000000701a00000, 0x0000000800000000)
  region size 2048K, 39 young (79872K), 0 survivors (0K)
 Metaspace       used 107682K, committed 108672K, reserved 1179648K
  class space    used 14394K, committed 14848K, reserved 1048576K
}
Event: 655.433 GC heap after
{Heap after GC invocations=55 (full 3):
 garbage-first heap   total 143360K, used 52861K [0x0000000701a00000, 0x0000000800000000)
  region size 2048K, 3 young (6144K), 3 survivors (6144K)
 Metaspace       used 107682K, committed 108672K, reserved 1179648K
  class space    used 14394K, committed 14848K, reserved 1048576K
}
Event: 657.041 GC heap before
{Heap before GC invocations=56 (full 3):
 garbage-first heap   total 143360K, used 124541K [0x0000000701a00000, 0x0000000800000000)
  region size 2048K, 38 young (77824K), 3 survivors (6144K)
 Metaspace       used 107715K, committed 108800K, reserved 1179648K
  class space    used 14363K, committed 14848K, reserved 1048576K
}
Event: 657.053 GC heap after
{Heap after GC invocations=57 (full 3):
 garbage-first heap   total 143360K, used 58302K [0x0000000701a00000, 0x0000000800000000)
  region size 2048K, 4 young (8192K), 4 survivors (8192K)
 Metaspace       used 107715K, committed 108800K, reserved 1179648K
  class space    used 14363K, committed 14848K, reserved 1048576K
}
Event: 657.477 GC heap before
{Heap before GC invocations=57 (full 3):
 garbage-first heap   total 143360K, used 119742K [0x0000000701a00000, 0x0000000800000000)
  region size 2048K, 34 young (69632K), 4 survivors (8192K)
 Metaspace       used 107715K, committed 108800K, reserved 1179648K
  class space    used 14363K, committed 14848K, reserved 1048576K
}
Event: 657.488 GC heap after
{Heap after GC invocations=58 (full 3):
 garbage-first heap   total 143360K, used 58842K [0x0000000701a00000, 0x0000000800000000)
  region size 2048K, 1 young (2048K), 1 survivors (2048K)
 Metaspace       used 107715K, committed 108800K, reserved 1179648K
  class space    used 14363K, committed 14848K, reserved 1048576K
}

